<?xml version="1.0" encoding="UTF-8"?>
<!-- Generated by org.testng.reporters.JUnitXMLReporter -->
<testsuite hostname="ankit-desktop" ignored="1" name="VerifyYouTubeFunctionality" tests="1" failures="1" timestamp="07 Feb 2018 16:00:49 GMT" time="55.46" errors="0">
  <testcase name="SkipAddTest" time="41.441" classname="com.umbrella.Amazon.FunctionalTest.VerifyYouTubeFunctionality">
    <failure type="org.awaitility.core.ConditionTimeoutException" message="Condition with alias &amp;apos;Avertisent can not be skipiied before 5 seconds&amp;apos; didn&amp;apos;t complete within 20 seconds because lambda expression in com.umbrella.Amazon.PageFactory.YouTube that uses org.openqa.selenium.WebElement: expected &amp;quot;Skip Ad&amp;quot; but was &amp;quot;&amp;quot;.">
      <![CDATA[org.awaitility.core.ConditionTimeoutException: Condition with alias 'Avertisent can not be skipiied before 5 seconds' didn't complete within 20 seconds because lambda expression in com.umbrella.Amazon.PageFactory.YouTube that uses org.openqa.selenium.WebElement: expected "Skip Ad" but was "".at org.awaitility.core.ConditionAwaiter.await(ConditionAwaiter.java:136)at org.awaitility.core.AbstractHamcrestCondition.await(AbstractHamcrestCondition.java:89)at org.awaitility.core.ConditionFactory.until(ConditionFactory.java:840)at org.awaitility.core.ConditionFactory.until(ConditionFactory.java:619)at com.umbrella.Amazon.PageFactory.YouTube.skipAdd(YouTube.java:131)at com.umbrella.Amazon.FunctionalTest.VerifyYouTubeFunctionality.SkipAddTest(VerifyYouTubeFunctionality.java:37)at java.util.concurrent.FutureTask.run(FutureTask.java:266)at java.util.concurrent.ThreadPoolExecutor.runWorker(ThreadPoolExecutor.java:1149)at java.util.concurrent.ThreadPoolExecutor$Worker.run(ThreadPoolExecutor.java:624)at java.lang.Thread.run(Thread.java:748)... Removed 16 stack frames]]>
    </failure>
  </testcase> <!-- SkipAddTest -->
  <testcase name="verifyYouTube" time="0.0" classname="com.umbrella.Amazon.FunctionalTest.VerifyYouTubeFunctionality">
    <ignored/>
  </testcase> <!-- verifyYouTube -->
</testsuite> <!-- VerifyYouTubeFunctionality -->
